-------------------------------------------------------------------------------
Test set: ch.jeanbourquj.cifom.utils.LinkedListTest
-------------------------------------------------------------------------------
Tests run: 23, Failures: 1, Errors: 0, Skipped: 2, Time elapsed: 0.106 s <<< FAILURE! - in ch.jeanbourquj.cifom.utils.LinkedListTest
testEquals(ch.jeanbourquj.cifom.utils.LinkedListTest)  Time elapsed: 0.005 s  <<< FAILURE!
java.lang.AssertionError: expected:<ch.jeanbourquj.cifom.utils.LinkedList@12c8a2c0> but was:<ch.jeanbourquj.cifom.utils.LinkedList@7e0e6aa2>
	at ch.jeanbourquj.cifom.utils.LinkedListTest.testEquals(LinkedListTest.java:305)

