<?xml version="1.0" encoding="UTF-8"?>
<testsuite xmlns:xsi="http://www.w3.org/2001/XMLSchema-instance" xsi:noNamespaceSchemaLocation="https://maven.apache.org/surefire/maven-surefire-plugin/xsd/surefire-test-report.xsd" name="utils.DynArrayListTest" time="0.132" tests="30" errors="3" skipped="0" failures="1">
  <properties>
[...]
</properties>
  <testcase name="testAddListPlein2" classname="utils.DynArrayListTest" time="0.005"/>
  <testcase name="testGetFirst" classname="utils.DynArrayListTest" time="0"/>
  <testcase name="testAdd" classname="utils.DynArrayListTest" time="0"/>
  <testcase name="testGet" classname="utils.DynArrayListTest" time="0"/>
  <testcase name="testClear" classname="utils.DynArrayListTest" time="0"/>
  <testcase name="testClone" classname="utils.DynArrayListTest" time="0"/>
  <testcase name="testAddEnPosition" classname="utils.DynArrayListTest" time="0"/>
  <testcase name="testSize" classname="utils.DynArrayListTest" time="0"/>
  <testcase name="testAddEnMauvaisePosition" classname="utils.DynArrayListTest" time="0"/>
  <testcase name="testToString" classname="utils.DynArrayListTest" time="0.016"/>
  <testcase name="testGetEnMauvaisePosition" classname="utils.DynArrayListTest" time="0"/>
  <testcase name="testRemoveSurListVide" classname="utils.DynArrayListTest" time="0"/>
  <testcase name="testCreationListe" classname="utils.DynArrayListTest" time="0"/>
  <testcase name="testGetLast" classname="utils.DynArrayListTest" time="0.001"/>
  <testcase name="testAddListPlein" classname="utils.DynArrayListTest" time="0"/>
  <testcase name="testMauvaiseCreationListe" classname="utils.DynArrayListTest" time="0.002"/>
  <testcase name="testEqualsObject" classname="utils.DynArrayListTest" time="0"/>
  <testcase name="testNotIsEmpty" classname="utils.DynArrayListTest" time="0"/>
  <testcase name="testEqualsNullObject" classname="utils.DynArrayListTest" time="0"/>
  <testcase name="testRemoveEnMauvaisePosition" classname="utils.DynArrayListTest" time="0.001"/>
  <testcase name="testEqualsSameObjet" classname="utils.DynArrayListTest" time="0"/>
  <testcase name="testGetFirstListVide" classname="utils.DynArrayListTest" time="0"/>
  <testcase name="testGetLastListVide" classname="utils.DynArrayListTest" time="0"/>
  <testcase name="testRemoveEnPosition" classname="utils.DynArrayListTest" time="0.006">
    <error message="3" type="java.lang.ArrayIndexOutOfBoundsException">java.lang.ArrayIndexOutOfBoundsException: 3
	at utils.DynArrayListTest.testRemoveEnPosition(DynArrayListTest.java:168)
</error>
  </testcase>
  <testcase name="testClone2" classname="utils.DynArrayListTest" time="0"/>
  <testcase name="testEquals" classname="utils.DynArrayListTest" time="0.001">
    <failure message="expected:&lt;utils.DynArrayList@3d28a&gt; but was:&lt;utils.FixArrayList@c5d218a&gt;" type="java.lang.AssertionError"><![CDATA[java.lang.AssertionError: expected:<utils.DynArrayList@3d28a> but was:<utils.FixArrayList@c5d218a>
	at utils.DynArrayListTest.testEquals(DynArrayListTest.java:345)
]]></failure>
  </testcase>
  <testcase name="testIsEmpty" classname="utils.DynArrayListTest" time="0"/>
  <testcase name="testRemove" classname="utils.DynArrayListTest" time="0">
    <error message="3" type="java.lang.ArrayIndexOutOfBoundsException">java.lang.ArrayIndexOutOfBoundsException: 3
	at utils.DynArrayListTest.testRemove(DynArrayListTest.java:150)
</error>
  </testcase>
  <testcase name="testAddEnPosition2" classname="utils.DynArrayListTest" time="0.001">
    <error message="-1" type="java.lang.ArrayIndexOutOfBoundsException">java.lang.ArrayIndexOutOfBoundsException: -1
	at utils.DynArrayListTest.testAddEnPosition2(DynArrayListTest.java:129)
</error>
  </testcase>
  <testcase name="testGetSurListVide" classname="utils.DynArrayListTest" time="0"/>
</testsuite>