<?xml version="1.0" encoding="UTF-8"?>
<testsuite xmlns:xsi="http://www.w3.org/2001/XMLSchema-instance" xsi:noNamespaceSchemaLocation="https://maven.apache.org/surefire/maven-surefire-plugin/xsd/surefire-test-report.xsd" name="utils.DynArrayList" time="0.064" tests="30" errors="20" skipped="0" failures="0">
  <properties>
[...]
</properties>
  <testcase name="testAddListPlein2" classname="utils.DynArrayList" time="0.007"/>
  <testcase name="testGetFirst" classname="utils.DynArrayList" time="0.006">
    <error message="Uncompilable source code - Erroneous sym type: utils.DynArrayList.add" type="java.lang.RuntimeException">java.lang.RuntimeException: Uncompilable source code - Erroneous sym type: utils.DynArrayList.add
	at utils.DynArrayList.testGetFirst(DynArrayList.java:177)
</error>
  </testcase>
  <testcase name="testAdd" classname="utils.DynArrayList" time="0">
    <error message="Uncompilable source code - Erroneous sym type: utils.DynArrayList.add" type="java.lang.RuntimeException">java.lang.RuntimeException: Uncompilable source code - Erroneous sym type: utils.DynArrayList.add
	at utils.DynArrayList.testAdd(DynArrayList.java:57)
</error>
  </testcase>
  <testcase name="testGet" classname="utils.DynArrayList" time="0.001">
    <error message="Uncompilable source code - Erroneous sym type: utils.DynArrayList.add" type="java.lang.RuntimeException">java.lang.RuntimeException: Uncompilable source code - Erroneous sym type: utils.DynArrayList.add
	at utils.DynArrayList.testGet(DynArrayList.java:214)
</error>
  </testcase>
  <testcase name="testClear" classname="utils.DynArrayList" time="0">
    <error message="Uncompilable source code - Erroneous sym type: utils.DynArrayList.add" type="java.lang.RuntimeException">java.lang.RuntimeException: Uncompilable source code - Erroneous sym type: utils.DynArrayList.add
	at utils.DynArrayList.testClear(DynArrayList.java:261)
</error>
  </testcase>
  <testcase name="testClone" classname="utils.DynArrayList" time="0">
    <error message="Uncompilable source code - Erroneous sym type: utils.DynArrayList.add" type="java.lang.RuntimeException">java.lang.RuntimeException: Uncompilable source code - Erroneous sym type: utils.DynArrayList.add
	at utils.DynArrayList.testClone(DynArrayList.java:277)
</error>
  </testcase>
  <testcase name="testAddEnPosition" classname="utils.DynArrayList" time="0.001">
    <error message="Uncompilable source code - Erroneous sym type: utils.DynArrayList.add" type="java.lang.RuntimeException">java.lang.RuntimeException: Uncompilable source code - Erroneous sym type: utils.DynArrayList.add
	at utils.DynArrayList.testAddEnPosition(DynArrayList.java:86)
</error>
  </testcase>
  <testcase name="testSize" classname="utils.DynArrayList" time="0"/>
  <testcase name="testAddEnMauvaisePosition" classname="utils.DynArrayList" time="0">
    <error message="Unexpected exception, expected&lt;java.lang.IndexOutOfBoundsException&gt; but was&lt;java.lang.RuntimeException&gt;" type="java.lang.Exception"><![CDATA[java.lang.Exception: Unexpected exception, expected<java.lang.IndexOutOfBoundsException> but was<java.lang.RuntimeException>
	at utils.DynArrayList.testAddEnMauvaisePosition(DynArrayList.java:103)
]]></error>
  </testcase>
  <testcase name="testToString" classname="utils.DynArrayList" time="0.003"/>
  <testcase name="testGetEnMauvaisePosition" classname="utils.DynArrayList" time="0">
    <error message="Unexpected exception, expected&lt;java.lang.IndexOutOfBoundsException&gt; but was&lt;java.lang.RuntimeException&gt;" type="java.lang.Exception"><![CDATA[java.lang.Exception: Unexpected exception, expected<java.lang.IndexOutOfBoundsException> but was<java.lang.RuntimeException>
	at utils.DynArrayList.testGetEnMauvaisePosition(DynArrayList.java:228)
]]></error>
  </testcase>
  <testcase name="testRemoveSurListVide" classname="utils.DynArrayList" time="0.001"/>
  <testcase name="testCreationListe" classname="utils.DynArrayList" time="0">
    <error message="Uncompilable source code - Erroneous tree type: &lt;any&gt;" type="java.lang.RuntimeException"><![CDATA[java.lang.RuntimeException: Uncompilable source code - Erroneous tree type: <any>
	at utils.DynArrayList.testCreationListe(DynArrayList.java:43)
]]></error>
  </testcase>
  <testcase name="testGetLast" classname="utils.DynArrayList" time="0.001">
    <error message="Uncompilable source code - Erroneous sym type: utils.DynArrayList.add" type="java.lang.RuntimeException">java.lang.RuntimeException: Uncompilable source code - Erroneous sym type: utils.DynArrayList.add
	at utils.DynArrayList.testGetLast(DynArrayList.java:195)
</error>
  </testcase>
  <testcase name="testAddListPlein" classname="utils.DynArrayList" time="0"/>
  <testcase name="testMauvaiseCreationListe" classname="utils.DynArrayList" time="0.001"/>
  <testcase name="testEqualsObject" classname="utils.DynArrayList" time="0"/>
  <testcase name="testNotIsEmpty" classname="utils.DynArrayList" time="0.001">
    <error message="Uncompilable source code - Erroneous sym type: utils.DynArrayList.add" type="java.lang.RuntimeException">java.lang.RuntimeException: Uncompilable source code - Erroneous sym type: utils.DynArrayList.add
	at utils.DynArrayList.testNotIsEmpty(DynArrayList.java:363)
</error>
  </testcase>
  <testcase name="testEqualsNullObject" classname="utils.DynArrayList" time="0"/>
  <testcase name="testRemoveEnMauvaisePosition" classname="utils.DynArrayList" time="0">
    <error message="Unexpected exception, expected&lt;java.lang.IndexOutOfBoundsException&gt; but was&lt;java.lang.RuntimeException&gt;" type="java.lang.Exception"><![CDATA[java.lang.Exception: Unexpected exception, expected<java.lang.IndexOutOfBoundsException> but was<java.lang.RuntimeException>
	at utils.DynArrayList.testRemoveEnMauvaisePosition(DynArrayList.java:164)
]]></error>
  </testcase>
  <testcase name="testEqualsSameObjet" classname="utils.DynArrayList" time="0"/>
  <testcase name="testGetFirstListVide" classname="utils.DynArrayList" time="0">
    <error message="Unexpected exception, expected&lt;java.lang.IndexOutOfBoundsException&gt; but was&lt;java.lang.RuntimeException&gt;" type="java.lang.Exception"><![CDATA[java.lang.Exception: Unexpected exception, expected<java.lang.IndexOutOfBoundsException> but was<java.lang.RuntimeException>
	at utils.DynArrayList.testGetFirstListVide(DynArrayList.java:188)
]]></error>
  </testcase>
  <testcase name="testGetLastListVide" classname="utils.DynArrayList" time="0">
    <error message="Unexpected exception, expected&lt;java.lang.IndexOutOfBoundsException&gt; but was&lt;java.lang.RuntimeException&gt;" type="java.lang.Exception"><![CDATA[java.lang.Exception: Unexpected exception, expected<java.lang.IndexOutOfBoundsException> but was<java.lang.RuntimeException>
	at utils.DynArrayList.testGetLastListVide(DynArrayList.java:207)
]]></error>
  </testcase>
  <testcase name="testRemoveEnPosition" classname="utils.DynArrayList" time="0.001">
    <error message="Uncompilable source code - Erroneous sym type: utils.DynArrayList.add" type="java.lang.RuntimeException">java.lang.RuntimeException: Uncompilable source code - Erroneous sym type: utils.DynArrayList.add
	at utils.DynArrayList.testRemoveEnPosition(DynArrayList.java:147)
</error>
  </testcase>
  <testcase name="testClone2" classname="utils.DynArrayList" time="0">
    <error message="Uncompilable source code - Erroneous sym type: utils.DynArrayList.add" type="java.lang.RuntimeException">java.lang.RuntimeException: Uncompilable source code - Erroneous sym type: utils.DynArrayList.add
	at utils.DynArrayList.testClone2(DynArrayList.java:302)
</error>
  </testcase>
  <testcase name="testEquals" classname="utils.DynArrayList" time="0">
    <error message="Uncompilable source code - Erroneous sym type: utils.DynArrayList.add" type="java.lang.RuntimeException">java.lang.RuntimeException: Uncompilable source code - Erroneous sym type: utils.DynArrayList.add
	at utils.DynArrayList.testEquals(DynArrayList.java:327)
</error>
  </testcase>
  <testcase name="testIsEmpty" classname="utils.DynArrayList" time="0.001">
    <error message="Uncompilable source code - Erroneous tree type: &lt;any&gt;" type="java.lang.RuntimeException"><![CDATA[java.lang.RuntimeException: Uncompilable source code - Erroneous tree type: <any>
	at utils.DynArrayList.testIsEmpty(DynArrayList.java:356)
]]></error>
  </testcase>
  <testcase name="testRemove" classname="utils.DynArrayList" time="0">
    <error message="Uncompilable source code - Erroneous sym type: utils.DynArrayList.add" type="java.lang.RuntimeException">java.lang.RuntimeException: Uncompilable source code - Erroneous sym type: utils.DynArrayList.add
	at utils.DynArrayList.testRemove(DynArrayList.java:130)
</error>
  </testcase>
  <testcase name="testAddEnPosition2" classname="utils.DynArrayList" time="0">
    <error message="Uncompilable source code - Erroneous sym type: utils.DynArrayList.add" type="java.lang.RuntimeException">java.lang.RuntimeException: Uncompilable source code - Erroneous sym type: utils.DynArrayList.add
	at utils.DynArrayList.testAddEnPosition2(DynArrayList.java:114)
</error>
  </testcase>
  <testcase name="testGetSurListVide" classname="utils.DynArrayList" time="0.001"/>
</testsuite>