<?xml version="1.0" encoding="UTF-8"?>
<testsuite xmlns:xsi="http://www.w3.org/2001/XMLSchema-instance" xsi:noNamespaceSchemaLocation="https://maven.apache.org/surefire/maven-surefire-plugin/xsd/surefire-test-report.xsd" name="ch.jeanbourquj.cifom.DataTest" time="0.072" tests="9" errors="0" skipped="0" failures="0">
  <properties>
[...]
</properties>
  <testcase name="testEqualsNullObj" classname="ch.jeanbourquj.cifom.DataTest" time="0.007"/>
  <testcase name="testEqualsHashCode" classname="ch.jeanbourquj.cifom.DataTest" time="0"/>
  <testcase name="testToString" classname="ch.jeanbourquj.cifom.DataTest" time="0.002"/>
  <testcase name="testSetGetValeur" classname="ch.jeanbourquj.cifom.DataTest" time="0"/>
  <testcase name="testEqualsSameObject" classname="ch.jeanbourquj.cifom.DataTest" time="0"/>
  <testcase name="testEqualsObj" classname="ch.jeanbourquj.cifom.DataTest" time="0"/>
  <testcase name="testGetValeur" classname="ch.jeanbourquj.cifom.DataTest" time="0"/>
  <testcase name="testUpdate" classname="ch.jeanbourquj.cifom.DataTest" time="0"/>
  <testcase name="testNotEqualsHashCode" classname="ch.jeanbourquj.cifom.DataTest" time="0"/>
</testsuite>