<?xml version="1.0" encoding="UTF-8"?>
<testsuite xmlns:xsi="http://www.w3.org/2001/XMLSchema-instance" xsi:noNamespaceSchemaLocation="https://maven.apache.org/surefire/maven-surefire-plugin/xsd/surefire-test-report.xsd" name="ch.jeanbourquj.cifom.utils.QueueTest" time="0" tests="8" errors="0" skipped="0" failures="0">
  <properties>
[...]
</properties>
  <testcase name="testRetirerValeur" classname="ch.jeanbourquj.cifom.utils.QueueTest" time="0"/>
  <testcase name="testQueuePleine" classname="ch.jeanbourquj.cifom.utils.QueueTest" time="0"/>
  <testcase name="testAjouter" classname="ch.jeanbourquj.cifom.utils.QueueTest" time="0"/>
  <testcase name="testQueueVide" classname="ch.jeanbourquj.cifom.utils.QueueTest" time="0"/>
  <testcase name="testCreationQueue" classname="ch.jeanbourquj.cifom.utils.QueueTest" time="0"/>
  <testcase name="testRetirer" classname="ch.jeanbourquj.cifom.utils.QueueTest" time="0"/>
  <testcase name="testRetournerValeur" classname="ch.jeanbourquj.cifom.utils.QueueTest" time="0"/>
  <testcase name="testAjouterQueuePleine" classname="ch.jeanbourquj.cifom.utils.QueueTest" time="0"/>
</testsuite>