<?xml version="1.0" encoding="UTF-8"?>
<testsuite xmlns:xsi="http://www.w3.org/2001/XMLSchema-instance" xsi:noNamespaceSchemaLocation="https://maven.apache.org/surefire/maven-surefire-plugin/xsd/surefire-test-report.xsd" name="ch.jeanbourquj.cifom.utils.LinkedListTest" time="0.195" tests="23" errors="0" skipped="2" failures="1">
  <properties>
[...]
</properties>
  <testcase name="testGetFirst" classname="ch.jeanbourquj.cifom.utils.LinkedListTest" time="0.021"/>
  <testcase name="testAdd" classname="ch.jeanbourquj.cifom.utils.LinkedListTest" time="0"/>
  <testcase name="testGet" classname="ch.jeanbourquj.cifom.utils.LinkedListTest" time="0"/>
  <testcase name="testClear" classname="ch.jeanbourquj.cifom.utils.LinkedListTest" time="0"/>
  <testcase name="testClone" classname="ch.jeanbourquj.cifom.utils.LinkedListTest" time="0"/>
  <testcase name="testAddEnPosition" classname="ch.jeanbourquj.cifom.utils.LinkedListTest" time="0"/>
  <testcase name="testSize" classname="ch.jeanbourquj.cifom.utils.LinkedListTest" time="0"/>
  <testcase name="testToString" classname="ch.jeanbourquj.cifom.utils.LinkedListTest" time="0.024"/>
  <testcase name="testRemovePosition0" classname="ch.jeanbourquj.cifom.utils.LinkedListTest" time="0"/>
  <testcase name="testCreationListe" classname="ch.jeanbourquj.cifom.utils.LinkedListTest" time="0"/>
  <testcase name="testGetLast" classname="ch.jeanbourquj.cifom.utils.LinkedListTest" time="0"/>
  <testcase name="testAddListPlein" classname="ch.jeanbourquj.cifom.utils.LinkedListTest" time="0">
    <skipped/>
  </testcase>
  <testcase name="testMauvaiseCreationListe" classname="ch.jeanbourquj.cifom.utils.LinkedListTest" time="0">
    <skipped/>
  </testcase>
  <testcase name="testNotIsEmpty" classname="ch.jeanbourquj.cifom.utils.LinkedListTest" time="0.001"/>
  <testcase name="testRemove0" classname="ch.jeanbourquj.cifom.utils.LinkedListTest" time="0"/>
  <testcase name="testGetFirstListVide" classname="ch.jeanbourquj.cifom.utils.LinkedListTest" time="0.001"/>
  <testcase name="testGetLastListVide" classname="ch.jeanbourquj.cifom.utils.LinkedListTest" time="0"/>
  <testcase name="testRemoveEnPosition" classname="ch.jeanbourquj.cifom.utils.LinkedListTest" time="0.003"/>
  <testcase name="testClone2" classname="ch.jeanbourquj.cifom.utils.LinkedListTest" time="0"/>
  <testcase name="testEquals" classname="ch.jeanbourquj.cifom.utils.LinkedListTest" time="0.009">
    <failure message="expected: ch.jeanbourquj.cifom.utils.LinkedList&lt;ch.jeanbourquj.cifom.utils.LinkedList@ccd9c6&gt; but was: ch.jeanbourquj.cifom.utils.LinkedList&lt;ch.jeanbourquj.cifom.utils.LinkedList@ccd9c6&gt;" type="java.lang.AssertionError"><![CDATA[java.lang.AssertionError: expected: ch.jeanbourquj.cifom.utils.LinkedList<ch.jeanbourquj.cifom.utils.LinkedList@ccd9c6> but was: ch.jeanbourquj.cifom.utils.LinkedList<ch.jeanbourquj.cifom.utils.LinkedList@ccd9c6>
	at ch.jeanbourquj.cifom.utils.LinkedListTest.testEquals(LinkedListTest.java:305)
]]></failure>
  </testcase>
  <testcase name="testIsEmpty" classname="ch.jeanbourquj.cifom.utils.LinkedListTest" time="0"/>
  <testcase name="testRemove" classname="ch.jeanbourquj.cifom.utils.LinkedListTest" time="0"/>
  <testcase name="testAddEnPosition2" classname="ch.jeanbourquj.cifom.utils.LinkedListTest" time="0"/>
</testsuite>