<?xml version="1.0" encoding="UTF-8"?>
<testsuite xmlns:xsi="http://www.w3.org/2001/XMLSchema-instance" xsi:noNamespaceSchemaLocation="https://maven.apache.org/surefire/maven-surefire-plugin/xsd/surefire-test-report.xsd" name="utils.QueueTest" time="0.001" tests="8" errors="0" skipped="0" failures="0">
  <properties>
[...]
</properties>
  <testcase name="testRetirerValeur" classname="utils.QueueTest" time="0"/>
  <testcase name="testQueuePleine" classname="utils.QueueTest" time="0"/>
  <testcase name="testAjouter" classname="utils.QueueTest" time="0.001"/>
  <testcase name="testQueueVide" classname="utils.QueueTest" time="0"/>
  <testcase name="testCreationQueue" classname="utils.QueueTest" time="0"/>
  <testcase name="testRetirer" classname="utils.QueueTest" time="0"/>
  <testcase name="testRetournerValeur" classname="utils.QueueTest" time="0"/>
  <testcase name="testAjouterQueuePleine" classname="utils.QueueTest" time="0"/>
</testsuite>