<?xml version="1.0" encoding="UTF-8"?>
<testsuite xmlns:xsi="http://www.w3.org/2001/XMLSchema-instance" xsi:noNamespaceSchemaLocation="https://maven.apache.org/surefire/maven-surefire-plugin/xsd/surefire-test-report.xsd" name="utils.UtilsSuite" time="0.059" tests="9" errors="2" skipped="0" failures="4">
  <properties>
[...]
</properties>
  <testcase name="testEmpiler" classname="utils.PileTest" time="0.011">
    <failure message="The test case is a prototype." type="java.lang.AssertionError">java.lang.AssertionError: The test case is a prototype.
	at utils.PileTest.testEmpiler(PileTest.java:104)
</failure>
    <system-out><![CDATA[empiler
]]></system-out>
  </testcase>
  <testcase name="testEtreVide" classname="utils.PileTest" time="0">
    <failure message="expected:&lt;false&gt; but was:&lt;true&gt;" type="java.lang.AssertionError"><![CDATA[java.lang.AssertionError: expected:<false> but was:<true>
	at utils.PileTest.testEtreVide(PileTest.java:89)
]]></failure>
    <system-out><![CDATA[etreVide
]]></system-out>
  </testcase>
  <testcase name="testEtrePlein" classname="utils.PileTest" time="0">
    <failure message="The test case is a prototype." type="java.lang.AssertionError">java.lang.AssertionError: The test case is a prototype.
	at utils.PileTest.testEtrePlein(PileTest.java:144)
</failure>
    <system-out><![CDATA[etrePlein
]]></system-out>
  </testcase>
  <testcase name="test1" classname="utils.PileTest" time="0"/>
  <testcase name="test2" classname="utils.PileTest" time="0.001"/>
  <testcase name="test3" classname="utils.PileTest" time="0"/>
  <testcase name="testRetournerSommet" classname="utils.PileTest" time="0.001">
    <error message="La pile est vide." type="java.lang.Exception">java.lang.Exception: La pile est vide.
	at utils.PileTest.testRetournerSommet(PileTest.java:127)
</error>
    <system-out><![CDATA[retournerSommet
]]></system-out>
  </testcase>
  <testcase name="testDepiler" classname="utils.PileTest" time="0">
    <error message="La pile est vide." type="java.lang.Exception">java.lang.Exception: La pile est vide.
	at utils.PileTest.testDepiler(PileTest.java:114)
</error>
    <system-out><![CDATA[depiler
]]></system-out>
  </testcase>
  <testcase name="testSomeMethod" classname="utils.QueueTest" time="0.001">
    <failure message="The test case is a prototype." type="java.lang.AssertionError">java.lang.AssertionError: The test case is a prototype.
	at utils.QueueTest.testSomeMethod(QueueTest.java:43)
</failure>
  </testcase>
</testsuite>