<?xml version="1.0" encoding="UTF-8"?>
<testsuite xmlns:xsi="http://www.w3.org/2001/XMLSchema-instance" xsi:noNamespaceSchemaLocation="https://maven.apache.org/surefire/maven-surefire-plugin/xsd/surefire-test-report.xsd" name="utils.UtilsSuite" time="0.059" tests="9" errors="2" skipped="0" failures="4">
  <properties>
    <property name="sun.desktop" value="windows"/>
    <property name="awt.toolkit" value="sun.awt.windows.WToolkit"/>
    <property name="file.encoding.pkg" value="sun.io"/>
    <property name="java.specification.version" value="1.8"/>
    <property name="sun.cpu.isalist" value="amd64"/>
    <property name="sun.jnu.encoding" value="Cp1252"/>
    <property name="java.class.path" value="C:\Users\jeanbourquj\Desktop\GIT_REPO\int_prog1\programming\Datas\target\test-classes;C:\Users\jeanbourquj\Desktop\GIT_REPO\int_prog1\programming\Datas\target\classes;C:\Users\jeanbourquj\.m2\repository\junit\junit\4.13\junit-4.13.jar;C:\Users\jeanbourquj\.m2\repository\org\hamcrest\hamcrest-core\1.3\hamcrest-core-1.3.jar;"/>
    <property name="java.vm.vendor" value="Oracle Corporation"/>
    <property name="sun.arch.data.model" value="64"/>
    <property name="user.variant" value=""/>
    <property name="java.vendor.url" value="http://java.oracle.com/"/>
    <property name="user.timezone" value="Europe/Berlin"/>
    <property name="java.vm.specification.version" value="1.8"/>
    <property name="os.name" value="Windows 10"/>
    <property name="sun.java.launcher" value="SUN_STANDARD"/>
    <property name="user.country" value="CH"/>
    <property name="sun.boot.library.path" value="C:\Program Files\Java\jdk1.8.0_202\jre\bin"/>
    <property name="sun.java.command" value="C:\Users\JEANBO~1\AppData\Local\Temp\surefire4851563153553998736\surefirebooter5769389757122469107.jar C:\Users\jeanbourquj\AppData\Local\Temp\surefire4851563153553998736 2021-02-12T11-23-36_679-jvmRun1 surefire6458342462511451961tmp surefire_04472320497692046918tmp"/>
    <property name="test" value="utils.UtilsSuite"/>
    <property name="surefire.test.class.path" value="C:\Users\jeanbourquj\Desktop\GIT_REPO\int_prog1\programming\Datas\target\test-classes;C:\Users\jeanbourquj\Desktop\GIT_REPO\int_prog1\programming\Datas\target\classes;C:\Users\jeanbourquj\.m2\repository\junit\junit\4.13\junit-4.13.jar;C:\Users\jeanbourquj\.m2\repository\org\hamcrest\hamcrest-core\1.3\hamcrest-core-1.3.jar;"/>
    <property name="sun.cpu.endian" value="little"/>
    <property name="user.home" value="C:\Users\jeanbourquj"/>
    <property name="user.language" value="fr"/>
    <property name="java.specification.vendor" value="Oracle Corporation"/>
    <property name="java.home" value="C:\Program Files\Java\jdk1.8.0_202\jre"/>
    <property name="basedir" value="C:\Users\jeanbourquj\Desktop\GIT_REPO\int_prog1\programming\Datas"/>
    <property name="file.separator" value="\"/>
    <property name="line.separator" value="&#10;"/>
    <property name="java.vm.specification.vendor" value="Oracle Corporation"/>
    <property name="java.specification.name" value="Java Platform API Specification"/>
    <property name="java.awt.graphicsenv" value="sun.awt.Win32GraphicsEnvironment"/>
    <property name="surefire.real.class.path" value="C:\Users\JEANBO~1\AppData\Local\Temp\surefire4851563153553998736\surefirebooter5769389757122469107.jar"/>
    <property name="sun.boot.class.path" value="C:\Program Files\Java\jdk1.8.0_202\jre\lib\resources.jar;C:\Program Files\Java\jdk1.8.0_202\jre\lib\rt.jar;C:\Program Files\Java\jdk1.8.0_202\jre\lib\sunrsasign.jar;C:\Program Files\Java\jdk1.8.0_202\jre\lib\jsse.jar;C:\Program Files\Java\jdk1.8.0_202\jre\lib\jce.jar;C:\Program Files\Java\jdk1.8.0_202\jre\lib\charsets.jar;C:\Program Files\Java\jdk1.8.0_202\jre\lib\jfr.jar;C:\Program Files\Java\jdk1.8.0_202\jre\classes"/>
    <property name="user.script" value=""/>
    <property name="sun.management.compiler" value="HotSpot 64-Bit Tiered Compilers"/>
    <property name="java.runtime.version" value="1.8.0_202-b08"/>
    <property name="user.name" value="JeanbourquJ"/>
    <property name="path.separator" value=";"/>
    <property name="os.version" value="10.0"/>
    <property name="java.endorsed.dirs" value="C:\Program Files\Java\jdk1.8.0_202\jre\lib\endorsed"/>
    <property name="java.runtime.name" value="Java(TM) SE Runtime Environment"/>
    <property name="file.encoding" value="UTF-8"/>
    <property name="java.vm.name" value="Java HotSpot(TM) 64-Bit Server VM"/>
    <property name="maven.ext.class.path" value="C:\Program Files\NetBeans 8.2\java\maven-nblib\netbeans-eventspy.jar"/>
    <property name="localRepository" value="C:\Users\jeanbourquj\.m2\repository"/>
    <property name="java.vendor.url.bug" value="http://bugreport.sun.com/bugreport/"/>
    <property name="java.io.tmpdir" value="C:\Users\JEANBO~1\AppData\Local\Temp\"/>
    <property name="java.version" value="1.8.0_202"/>
    <property name="user.dir" value="C:\Users\jeanbourquj\Desktop\GIT_REPO\int_prog1\programming\Datas"/>
    <property name="os.arch" value="amd64"/>
    <property name="java.vm.specification.name" value="Java Virtual Machine Specification"/>
    <property name="java.awt.printerjob" value="sun.awt.windows.WPrinterJob"/>
    <property name="sun.os.patch.level" value=""/>
    <property name="java.library.path" value="C:\Program Files\Java\jdk1.8.0_202\jre\bin;C:\Windows\Sun\Java\bin;C:\Windows\system32;C:\Windows;C:\Program Files (x86)\NVIDIA Corporation\PhysX\Common;C:\Program Files (x86)\Common Files\Oracle\Java\javapath;C:\Windows\system32;C:\Windows;C:\Windows\System32\Wbem;C:\Windows\System32\WindowsPowerShell\v1.0\;C:\Windows\System32\OpenSSH\;C:\Program Files\PuTTY\;C:\Program Files\TortoiseSVN\bin;C:\Program Files\dotnet\;C:\Program Files\Microsoft SQL Server\130\Tools\Binn\;C:\usr\lib\processing\;C:\ubuntu1804\;C:\Program Files\Microsoft SQL Server\Client SDK\ODBC\170\Tools\Binn\;C:\Program Files\Git\cmd;C:\Program Files (x86)\apache-maven-3.6.3\bin;C:\Users\jeanbourquj\AppData\Local\Microsoft\WindowsApps;C:\Users\Administrateur\AppData\Local\Programs\Microsoft VS Code\bin;C:\usr\lib\processing\processing.exe;C:\ubuntu1804\;C:\usr\lib\processing\processing.exe;C:\ubuntu1804\;;."/>
    <property name="java.vm.info" value="mixed mode"/>
    <property name="java.vendor" value="Oracle Corporation"/>
    <property name="java.vm.version" value="25.202-b08"/>
    <property name="java.ext.dirs" value="C:\Program Files\Java\jdk1.8.0_202\jre\lib\ext;C:\Windows\Sun\Java\lib\ext"/>
    <property name="sun.io.unicode.encoding" value="UnicodeLittle"/>
    <property name="java.class.version" value="52.0"/>
  </properties>
  <testcase name="testEmpiler" classname="utils.PileTest" time="0.011">
    <failure message="The test case is a prototype." type="java.lang.AssertionError">java.lang.AssertionError: The test case is a prototype.
	at utils.PileTest.testEmpiler(PileTest.java:104)
</failure>
    <system-out><![CDATA[empiler
]]></system-out>
  </testcase>
  <testcase name="testEtreVide" classname="utils.PileTest" time="0">
    <failure message="expected:&lt;false&gt; but was:&lt;true&gt;" type="java.lang.AssertionError"><![CDATA[java.lang.AssertionError: expected:<false> but was:<true>
	at utils.PileTest.testEtreVide(PileTest.java:89)
]]></failure>
    <system-out><![CDATA[etreVide
]]></system-out>
  </testcase>
  <testcase name="testEtrePlein" classname="utils.PileTest" time="0">
    <failure message="The test case is a prototype." type="java.lang.AssertionError">java.lang.AssertionError: The test case is a prototype.
	at utils.PileTest.testEtrePlein(PileTest.java:144)
</failure>
    <system-out><![CDATA[etrePlein
]]></system-out>
  </testcase>
  <testcase name="test1" classname="utils.PileTest" time="0"/>
  <testcase name="test2" classname="utils.PileTest" time="0.001"/>
  <testcase name="test3" classname="utils.PileTest" time="0"/>
  <testcase name="testRetournerSommet" classname="utils.PileTest" time="0.001">
    <error message="La pile est vide." type="java.lang.Exception">java.lang.Exception: La pile est vide.
	at utils.PileTest.testRetournerSommet(PileTest.java:127)
</error>
    <system-out><![CDATA[retournerSommet
]]></system-out>
  </testcase>
  <testcase name="testDepiler" classname="utils.PileTest" time="0">
    <error message="La pile est vide." type="java.lang.Exception">java.lang.Exception: La pile est vide.
	at utils.PileTest.testDepiler(PileTest.java:114)
</error>
    <system-out><![CDATA[depiler
]]></system-out>
  </testcase>
  <testcase name="testSomeMethod" classname="utils.QueueTest" time="0.001">
    <failure message="The test case is a prototype." type="java.lang.AssertionError">java.lang.AssertionError: The test case is a prototype.
	at utils.QueueTest.testSomeMethod(QueueTest.java:43)
</failure>
  </testcase>
</testsuite>