-------------------------------------------------------------------------------
Test set: utils.PileTest
-------------------------------------------------------------------------------
Tests run: 1, Failures: 1, Errors: 0, Skipped: 0, Time elapsed: 0.001 s <<< FAILURE! - in utils.PileTest
testSomeMethod(utils.PileTest)  Time elapsed: 0.001 s  <<< FAILURE!
java.lang.AssertionError: The test case is a prototype.
	at utils.PileTest.testSomeMethod(PileTest.java:43)

