<?xml version="1.0" encoding="UTF-8" standalone="yes"?><!DOCTYPE report PUBLIC "-//JACOCO//DTD Report 1.1//EN" "report.dtd"><report name="maven.project"><sessioninfo id="INT-JEANBOURQJ2-fcea3f3b" start="1611930179587" dump="1611930180182"/><sessioninfo id="INT-JEANBOURQJ2-5909a35" start="1611930554117" dump="1611930555072"/><sessioninfo id="INT-JEANBOURQJ2-fde6ab68" start="1611930591705" dump="1611930592235"/><sessioninfo id="INT-JEANBOURQJ2-be38ce06" start="1611930602526" dump="1611930603086"/><sessioninfo id="INT-JEANBOURQJ2-313bf337" start="1611930626876" dump="1611930627473"/><sessioninfo id="INT-JEANBOURQJ2-ff437902" start="1611930664999" dump="1611930665359"/><sessioninfo id="INT-JEANBOURQJ2-d022166" start="1611930735807" dump="1611930736162"/><sessioninfo id="INT-JEANBOURQJ2-b73a5b59" start="1611930800726" dump="1611930801237"/><sessioninfo id="INT-JEANBOURQJ2-b6e1cd69" start="1611930831548" dump="1611930832130"/><sessioninfo id="INT-JEANBOURQJ2-897e5cd4" start="1611930863182" dump="1611930863570"/><sessioninfo id="INT-JEANBOURQJ2-9283" start="1611931281108" dump="1611931281484"/><package name="ch/jeanbourquj/cifom"><class name="ch/jeanbourquj/cifom/Data" sourcefilename="Data.java"><method name="&lt;init&gt;" desc="(Ljava/lang/Integer;)V" line="22"><counter type="INSTRUCTION" missed="0" covered="6"/><counter type="LINE" missed="0" covered="3"/><counter type="COMPLEXITY" missed="0" covered="1"/><counter type="METHOD" missed="0" covered="1"/></method><method name="getValeur" desc="()Ljava/lang/Integer;" line="29"><counter type="INSTRUCTION" missed="0" covered="3"/><counter type="LINE" missed="0" covered="1"/><counter type="COMPLEXITY" missed="0" covered="1"/><counter type="METHOD" missed="0" covered="1"/></method><method name="setValeur" desc="(Ljava/lang/Integer;)V" line="35"><counter type="INSTRUCTION" missed="0" covered="4"/><counter type="LINE" missed="0" covered="2"/><counter type="COMPLEXITY" missed="0" covered="1"/><counter type="METHOD" missed="0" covered="1"/></method><method name="update" desc="(Lch/jeanbourquj/cifom/Data;)V" line="41"><counter type="INSTRUCTION" missed="0" covered="5"/><counter type="LINE" missed="0" covered="2"/><counter type="COMPLEXITY" missed="0" covered="1"/><counter type="METHOD" missed="0" covered="1"/></method><method name="hashCode" desc="()I" line="48"><counter type="INSTRUCTION" missed="0" covered="12"/><counter type="LINE" missed="0" covered="3"/><counter type="COMPLEXITY" missed="0" covered="1"/><counter type="METHOD" missed="0" covered="1"/></method><method name="equals" desc="(Ljava/lang/Object;)Z" line="58"><counter type="INSTRUCTION" missed="2" covered="27"/><counter type="BRANCH" missed="1" covered="7"/><counter type="LINE" missed="1" covered="9"/><counter type="COMPLEXITY" missed="1" covered="4"/><counter type="METHOD" missed="0" covered="1"/></method><method name="toString" desc="()Ljava/lang/String;" line="78"><counter type="INSTRUCTION" missed="0" covered="4"/><counter type="LINE" missed="0" covered="1"/><counter type="COMPLEXITY" missed="0" covered="1"/><counter type="METHOD" missed="0" covered="1"/></method><counter type="INSTRUCTION" missed="2" covered="61"/><counter type="BRANCH" missed="1" covered="7"/><counter type="LINE" missed="1" covered="21"/><counter type="COMPLEXITY" missed="1" covered="10"/><counter type="METHOD" missed="0" covered="7"/><counter type="CLASS" missed="0" covered="1"/></class><sourcefile name="Data.java"><line nr="22" mi="0" ci="2" mb="0" cb="0"/><line nr="23" mi="0" ci="3" mb="0" cb="0"/><line nr="24" mi="0" ci="1" mb="0" cb="0"/><line nr="29" mi="0" ci="3" mb="0" cb="0"/><line nr="35" mi="0" ci="3" mb="0" cb="0"/><line nr="36" mi="0" ci="1" mb="0" cb="0"/><line nr="41" mi="0" ci="4" mb="0" cb="0"/><line nr="42" mi="0" ci="1" mb="0" cb="0"/><line nr="48" mi="0" ci="2" mb="0" cb="0"/><line nr="49" mi="0" ci="8" mb="0" cb="0"/><line nr="50" mi="0" ci="2" mb="0" cb="0"/><line nr="58" mi="0" ci="3" mb="0" cb="2"/><line nr="59" mi="0" ci="2" mb="0" cb="0"/><line nr="61" mi="0" ci="2" mb="1" cb="1"/><line nr="62" mi="2" ci="0" mb="0" cb="0"/><line nr="64" mi="0" ci="5" mb="0" cb="2"/><line nr="65" mi="0" ci="2" mb="0" cb="0"/><line nr="67" mi="0" ci="3" mb="0" cb="0"/><line nr="68" mi="0" ci="6" mb="0" cb="2"/><line nr="69" mi="0" ci="2" mb="0" cb="0"/><line nr="71" mi="0" ci="2" mb="0" cb="0"/><line nr="78" mi="0" ci="4" mb="0" cb="0"/><counter type="INSTRUCTION" missed="2" covered="61"/><counter type="BRANCH" missed="1" covered="7"/><counter type="LINE" missed="1" covered="21"/><counter type="COMPLEXITY" missed="1" covered="10"/><counter type="METHOD" missed="0" covered="7"/><counter type="CLASS" missed="0" covered="1"/></sourcefile><counter type="INSTRUCTION" missed="2" covered="61"/><counter type="BRANCH" missed="1" covered="7"/><counter type="LINE" missed="1" covered="21"/><counter type="COMPLEXITY" missed="1" covered="10"/><counter type="METHOD" missed="0" covered="7"/><counter type="CLASS" missed="0" covered="1"/></package><counter type="INSTRUCTION" missed="2" covered="61"/><counter type="BRANCH" missed="1" covered="7"/><counter type="LINE" missed="1" covered="21"/><counter type="COMPLEXITY" missed="1" covered="10"/><counter type="METHOD" missed="0" covered="7"/><counter type="CLASS" missed="0" covered="1"/></report>