GROUP,PACKAGE,CLASS,INSTRUCTION_MISSED,INSTRUCTION_COVERED,BRANCH_MISSED,BRANCH_COVERED,LINE_MISSED,LINE_COVERED,COMPLEXITY_MISSED,COMPLEXITY_COVERED,METHOD_MISSED,METHOD_COVERED
Datas,ch.jeanbourquj.cifom.domain,Data,0,71,0,8,0,22,0,11,0,7
Datas,ch.jeanbourquj.cifom.utils,Pile,22,100,1,9,6,18,2,10,1,6
Datas,ch.jeanbourquj.cifom.utils,QueueCirculaire,13,147,3,13,3,26,3,11,0,6
Datas,ch.jeanbourquj.cifom.utils,FixArrayList,94,247,16,34,20,56,16,23,2,12
Datas,ch.jeanbourquj.cifom.utils,ArrayList,15,340,8,40,3,74,8,30,0,14
Datas,ch.jeanbourquj.cifom.utils,Queue,5,110,1,11,1,19,1,11,0,6
